[ERROR] The execution result is empty.
[ERROR] Could not get JVM parameters and dynamic configurations properly.
[ERROR] Raw output from BashJavaUtils:
INFO  [] - Using legacy YAML parser to load flink configuration file from /home/jovyan/.flink/conf/flink-conf.yaml.
INFO  [] - Loading configuration property: fs.s3a.access.key, ESoJp2WJczrLO8kJNHjK
INFO  [] - Loading configuration property: taskmanager.memory.process.size, 600m
INFO  [] - Loading configuration property: jobmanager.rpc.address, xxx.xxx.xxx.101
INFO  [] - Loading configuration property: jobmanager.memory.process.size, 600m
INFO  [] - Loading configuration property: fs.s3a.path.style.access, true
INFO  [] - Loading configuration property: jobmanager.rpc.port, 6123
INFO  [] - Loading configuration property: rest.bind-address, 0.0.0.0
INFO  [] - Loading configuration property: rest.port, 9091
INFO  [] - Loading configuration property: fs.s3a.connection.ssl.enabled, true
INFO  [] - Loading configuration property: high-availability, NONE
INFO  [] - Loading configuration property: taskmanager.memory.managed.size, 100m
INFO  [] - Loading configuration property: parallelism.default, 1
INFO  [] - Loading configuration property: taskmanager.numberOfTaskSlots, 1
INFO  [] - Loading configuration property: rest.address, xxx.xxx.xxx.101
INFO  [] - Loading configuration property: fs.s3a.endpoint, https://minio.minio-tenant.svc.cluster.local
INFO  [] - Loading configuration property: fs.s3a.secret.key, ******
INFO  [] - The derived from fraction jvm overhead memory (60.000mb (62914560 bytes)) is less than its min value 192.000mb (201326592 bytes), min value will be used instead
INFO  [] - The derived from fraction network memory (15.200mb (15938355 bytes)) is less than its min value 64.000mb (67108864 bytes), min value will be used instead
Exception in thread "main" org.apache.flink.configuration.IllegalConfigurationException: TaskManager memory configuration failed: Sum of configured Framework Heap Memory (128.000mb (134217728 bytes)), Framework Off-Heap Memory (128.000mb (134217728 bytes)), Task Off-Heap Memory (0 bytes), Managed Memory (100.000mb (104857600 bytes)) and Network Memory (64.000mb (67108864 bytes)) exceed configured Total Flink Memory (152.000mb (159383552 bytes)).
        at org.apache.flink.runtime.clusterframework.TaskExecutorProcessUtils.processSpecFromConfig(TaskExecutorProcessUtils.java:166)
        at org.apache.flink.runtime.util.bash.BashJavaUtils.getTmResourceParams(BashJavaUtils.java:88)
        at org.apache.flink.runtime.util.bash.BashJavaUtils.runCommand(BashJavaUtils.java:66)
        at org.apache.flink.runtime.util.bash.BashJavaUtils.main(BashJavaUtils.java:56)
Caused by: org.apache.flink.configuration.IllegalConfigurationException: Sum of configured Framework Heap Memory (128.000mb (134217728 bytes)), Framework Off-Heap Memory (128.000mb (134217728 bytes)), Task Off-Heap Memory (0 bytes), Managed Memory (100.000mb (104857600 bytes)) and Network Memory (64.000mb (67108864 bytes)) exceed configured Total Flink Memory (152.000mb (159383552 bytes)).
        at org.apache.flink.runtime.util.config.memory.taskmanager.TaskExecutorFlinkMemoryUtils.deriveFromTotalFlinkMemory(TaskExecutorFlinkMemoryUtils.java:178)
        at org.apache.flink.runtime.util.config.memory.taskmanager.TaskExecutorFlinkMemoryUtils.deriveFromTotalFlinkMemory(TaskExecutorFlinkMemoryUtils.java:42)
        at org.apache.flink.runtime.util.config.memory.ProcessMemoryUtils.deriveProcessSpecWithTotalProcessMemory(ProcessMemoryUtils.java:119)
        at org.apache.flink.runtime.util.config.memory.ProcessMemoryUtils.memoryProcessSpecFromConfig(ProcessMemoryUtils.java:84)
        at org.apache.flink.runtime.clusterframework.TaskExecutorProcessUtils.processSpecFromConfig(TaskExecutorProcessUtils.java:163)
        ... 3 more
